{"E:\\Workspace(projects)\\nodemssql\\api.js": {"path":"E:\\Workspace(projects)\\nodemssql\\api.js","statementMap":{"0":{"start":{"line":1,"column":12},"end":{"line":1,"column":30}},"1":{"start":{"line":2,"column":13},"end":{"line":2,"column":29}},"2":{"start":{"line":3,"column":8},"end":{"line":3,"column":17}},"3":{"start":{"line":4,"column":9},"end":{"line":4,"column":24}},"4":{"start":{"line":5,"column":15},"end":{"line":5,"column":37}},"5":{"start":{"line":6,"column":19},"end":{"line":6,"column":43}},"6":{"start":{"line":8,"column":0},"end":{"line":8,"column":24}},"7":{"start":{"line":9,"column":0},"end":{"line":9,"column":48}},"8":{"start":{"line":10,"column":0},"end":{"line":10,"column":27}},"9":{"start":{"line":11,"column":0},"end":{"line":11,"column":16}},"10":{"start":{"line":12,"column":0},"end":{"line":12,"column":23}},"11":{"start":{"line":14,"column":32},"end":{"line":14,"column":60}},"12":{"start":{"line":15,"column":20},"end":{"line":15,"column":49}},"13":{"start":{"line":16,"column":26},"end":{"line":16,"column":57}},"14":{"start":{"line":17,"column":26},"end":{"line":17,"column":57}},"15":{"start":{"line":18,"column":23},"end":{"line":18,"column":61}},"16":{"start":{"line":19,"column":23},"end":{"line":19,"column":61}},"17":{"start":{"line":22,"column":0},"end":{"line":25,"column":3}},"18":{"start":{"line":23,"column":0},"end":{"line":23,"column":26}},"19":{"start":{"line":24,"column":0},"end":{"line":24,"column":7}},"20":{"start":{"line":27,"column":0},"end":{"line":27,"column":50}},"21":{"start":{"line":28,"column":0},"end":{"line":28,"column":51}},"22":{"start":{"line":29,"column":0},"end":{"line":29,"column":35}},"23":{"start":{"line":30,"column":0},"end":{"line":30,"column":37}},"24":{"start":{"line":31,"column":0},"end":{"line":31,"column":40}},"25":{"start":{"line":33,"column":0},"end":{"line":39,"column":2}},"26":{"start":{"line":35,"column":4},"end":{"line":35,"column":31}},"27":{"start":{"line":36,"column":4},"end":{"line":36,"column":26}},"28":{"start":{"line":37,"column":0},"end":{"line":37,"column":19}},"29":{"start":{"line":41,"column":11},"end":{"line":41,"column":35}},"30":{"start":{"line":42,"column":0},"end":{"line":42,"column":17}},"31":{"start":{"line":43,"column":0},"end":{"line":43,"column":43}},"32":{"start":{"line":46,"column":0},"end":{"line":46,"column":21}}},"fnMap":{"0":{"name":"(anonymous_0)","decl":{"start":{"line":22,"column":11},"end":{"line":22,"column":12}},"loc":{"start":{"line":22,"column":27},"end":{"line":25,"column":1}},"line":22},"1":{"name":"(anonymous_1)","decl":{"start":{"line":33,"column":32},"end":{"line":33,"column":33}},"loc":{"start":{"line":33,"column":43},"end":{"line":39,"column":1}},"line":33}},"branchMap":{"0":{"loc":{"start":{"line":41,"column":11},"end":{"line":41,"column":35}},"type":"binary-expr","locations":[{"start":{"line":41,"column":11},"end":{"line":41,"column":27}},{"start":{"line":41,"column":31},"end":{"line":41,"column":35}}],"line":41}},"s":{"0":1,"1":1,"2":1,"3":1,"4":1,"5":1,"6":1,"7":1,"8":1,"9":1,"10":1,"11":1,"12":1,"13":1,"14":1,"15":1,"16":1,"17":1,"18":6,"19":6,"20":1,"21":1,"22":1,"23":1,"24":1,"25":1,"26":0,"27":0,"28":0,"29":1,"30":1,"31":1,"32":1},"f":{"0":6,"1":0},"b":{"0":[1,1]},"_coverageSchema":"1a1c01bbd47fc00a2c39e90264f33305004495a9","hash":"9e6ab6623b4f5420173282c399b08d0fdcec3e45"}
,"E:\\Workspace(projects)\\nodemssql\\Controllers\\delete.js": {"path":"E:\\Workspace(projects)\\nodemssql\\Controllers\\delete.js","statementMap":{"0":{"start":{"line":2,"column":12},"end":{"line":2,"column":40}},"1":{"start":{"line":3,"column":18},"end":{"line":3,"column":48}},"2":{"start":{"line":5,"column":22},"end":{"line":19,"column":2}},"3":{"start":{"line":7,"column":13},"end":{"line":7,"column":21}},"4":{"start":{"line":8,"column":4},"end":{"line":8,"column":32}},"5":{"start":{"line":9,"column":4},"end":{"line":18,"column":5}},"6":{"start":{"line":11,"column":21},"end":{"line":11,"column":34}},"7":{"start":{"line":12,"column":21},"end":{"line":13,"column":110}},"8":{"start":{"line":14,"column":7},"end":{"line":14,"column":39}},"9":{"start":{"line":15,"column":7},"end":{"line":15,"column":36}},"10":{"start":{"line":17,"column":7},"end":{"line":17,"column":26}},"11":{"start":{"line":22,"column":1},"end":{"line":24,"column":4}}},"fnMap":{"0":{"name":"(anonymous_0)","decl":{"start":{"line":5,"column":22},"end":{"line":5,"column":23}},"loc":{"start":{"line":5,"column":39},"end":{"line":19,"column":2}},"line":5}},"branchMap":{},"s":{"0":1,"1":1,"2":1,"3":1,"4":1,"5":1,"6":1,"7":1,"8":1,"9":1,"10":0,"11":1},"f":{"0":1},"b":{},"_coverageSchema":"1a1c01bbd47fc00a2c39e90264f33305004495a9","hash":"9dcd1faef8420aea34f9825e531d432b3dcc10b6"}
,"E:\\Workspace(projects)\\nodemssql\\Controllers\\get.js": {"path":"E:\\Workspace(projects)\\nodemssql\\Controllers\\get.js","statementMap":{"0":{"start":{"line":1,"column":12},"end":{"line":1,"column":40}},"1":{"start":{"line":2,"column":18},"end":{"line":2,"column":48}},"2":{"start":{"line":6,"column":19},"end":{"line":16,"column":1}},"3":{"start":{"line":8,"column":3},"end":{"line":15,"column":4}},"4":{"start":{"line":9,"column":22},"end":{"line":9,"column":35}},"5":{"start":{"line":10,"column":21},"end":{"line":10,"column":81}},"6":{"start":{"line":12,"column":6},"end":{"line":12,"column":36}},"7":{"start":{"line":14,"column":6},"end":{"line":14,"column":25}},"8":{"start":{"line":18,"column":19},"end":{"line":31,"column":1}},"9":{"start":{"line":20,"column":3},"end":{"line":30,"column":4}},"10":{"start":{"line":21,"column":18},"end":{"line":21,"column":31}},"11":{"start":{"line":22,"column":6},"end":{"line":22,"column":24}},"12":{"start":{"line":23,"column":20},"end":{"line":23,"column":33}},"13":{"start":{"line":24,"column":20},"end":{"line":25,"column":59}},"14":{"start":{"line":27,"column":6},"end":{"line":27,"column":35}},"15":{"start":{"line":29,"column":6},"end":{"line":29,"column":25}},"16":{"start":{"line":34,"column":0},"end":{"line":37,"column":3}}},"fnMap":{"0":{"name":"(anonymous_0)","decl":{"start":{"line":6,"column":19},"end":{"line":6,"column":20}},"loc":{"start":{"line":6,"column":36},"end":{"line":16,"column":1}},"line":6},"1":{"name":"(anonymous_1)","decl":{"start":{"line":18,"column":19},"end":{"line":18,"column":20}},"loc":{"start":{"line":18,"column":36},"end":{"line":31,"column":1}},"line":18}},"branchMap":{},"s":{"0":1,"1":1,"2":1,"3":1,"4":1,"5":1,"6":1,"7":0,"8":1,"9":1,"10":1,"11":1,"12":1,"13":1,"14":1,"15":0,"16":1},"f":{"0":1,"1":1},"b":{},"_coverageSchema":"1a1c01bbd47fc00a2c39e90264f33305004495a9","hash":"31554d30d689862e6de4509022fb55e4840b7e07"}
,"E:\\Workspace(projects)\\nodemssql\\Controllers\\post.js": {"path":"E:\\Workspace(projects)\\nodemssql\\Controllers\\post.js","statementMap":{"0":{"start":{"line":1,"column":15},"end":{"line":1,"column":32}},"1":{"start":{"line":2,"column":0},"end":{"line":2,"column":16}},"2":{"start":{"line":3,"column":18},"end":{"line":3,"column":48}},"3":{"start":{"line":4,"column":11},"end":{"line":4,"column":34}},"4":{"start":{"line":8,"column":17},"end":{"line":49,"column":1}},"5":{"start":{"line":10,"column":37},"end":{"line":10,"column":45}},"6":{"start":{"line":12,"column":4},"end":{"line":48,"column":1}},"7":{"start":{"line":14,"column":6},"end":{"line":16,"column":8}},"8":{"start":{"line":15,"column":9},"end":{"line":15,"column":55}},"9":{"start":{"line":18,"column":23},"end":{"line":18,"column":36}},"10":{"start":{"line":21,"column":26},"end":{"line":21,"column":92}},"11":{"start":{"line":24,"column":7},"end":{"line":24,"column":48}},"12":{"start":{"line":26,"column":7},"end":{"line":28,"column":8}},"13":{"start":{"line":27,"column":9},"end":{"line":27,"column":76}},"14":{"start":{"line":32,"column":27},"end":{"line":34,"column":90}},"15":{"start":{"line":35,"column":10},"end":{"line":35,"column":54}},"16":{"start":{"line":38,"column":12},"end":{"line":38,"column":47}},"17":{"start":{"line":39,"column":17},"end":{"line":39,"column":72}},"18":{"start":{"line":41,"column":4},"end":{"line":41,"column":38}},"19":{"start":{"line":42,"column":4},"end":{"line":42,"column":23}},"20":{"start":{"line":44,"column":4},"end":{"line":44,"column":46}},"21":{"start":{"line":45,"column":4},"end":{"line":45,"column":46}},"22":{"start":{"line":47,"column":3},"end":{"line":47,"column":20}},"23":{"start":{"line":52,"column":0},"end":{"line":55,"column":3}}},"fnMap":{"0":{"name":"(anonymous_0)","decl":{"start":{"line":8,"column":17},"end":{"line":8,"column":18}},"loc":{"start":{"line":8,"column":34},"end":{"line":49,"column":1}},"line":8}},"branchMap":{"0":{"loc":{"start":{"line":14,"column":6},"end":{"line":16,"column":8}},"type":"if","locations":[{"start":{"line":14,"column":6},"end":{"line":16,"column":8}},{"start":{},"end":{}}],"line":14},"1":{"loc":{"start":{"line":14,"column":12},"end":{"line":14,"column":45}},"type":"binary-expr","locations":[{"start":{"line":14,"column":12},"end":{"line":14,"column":17}},{"start":{"line":14,"column":21},"end":{"line":14,"column":29}},{"start":{"line":14,"column":33},"end":{"line":14,"column":37}},{"start":{"line":14,"column":41},"end":{"line":14,"column":45}}],"line":14},"2":{"loc":{"start":{"line":26,"column":7},"end":{"line":28,"column":8}},"type":"if","locations":[{"start":{"line":26,"column":7},"end":{"line":28,"column":8}},{"start":{},"end":{}}],"line":26}},"s":{"0":1,"1":1,"2":1,"3":1,"4":1,"5":1,"6":1,"7":1,"8":0,"9":1,"10":1,"11":1,"12":1,"13":0,"14":1,"15":1,"16":1,"17":1,"18":1,"19":1,"20":1,"21":1,"22":0,"23":1},"f":{"0":1},"b":{"0":[0,1],"1":[1,1,1,1],"2":[0,1]},"_coverageSchema":"1a1c01bbd47fc00a2c39e90264f33305004495a9","hash":"78f540bd970f1b1104e5298c004a86787ed166ac"}
,"E:\\Workspace(projects)\\nodemssql\\Controllers\\update.js": {"path":"E:\\Workspace(projects)\\nodemssql\\Controllers\\update.js","statementMap":{"0":{"start":{"line":2,"column":12},"end":{"line":2,"column":40}},"1":{"start":{"line":3,"column":31},"end":{"line":3,"column":49}},"2":{"start":{"line":4,"column":18},"end":{"line":4,"column":48}},"3":{"start":{"line":6,"column":22},"end":{"line":21,"column":2}},"4":{"start":{"line":8,"column":14},"end":{"line":8,"column":22}},"5":{"start":{"line":9,"column":5},"end":{"line":9,"column":33}},"6":{"start":{"line":11,"column":4},"end":{"line":20,"column":5}},"7":{"start":{"line":13,"column":21},"end":{"line":13,"column":34}},"8":{"start":{"line":14,"column":21},"end":{"line":15,"column":112}},"9":{"start":{"line":16,"column":7},"end":{"line":16,"column":39}},"10":{"start":{"line":17,"column":7},"end":{"line":17,"column":36}},"11":{"start":{"line":19,"column":7},"end":{"line":19,"column":26}},"12":{"start":{"line":24,"column":1},"end":{"line":26,"column":4}}},"fnMap":{"0":{"name":"(anonymous_0)","decl":{"start":{"line":6,"column":22},"end":{"line":6,"column":23}},"loc":{"start":{"line":6,"column":39},"end":{"line":21,"column":2}},"line":6}},"branchMap":{},"s":{"0":1,"1":1,"2":1,"3":1,"4":1,"5":1,"6":1,"7":1,"8":1,"9":1,"10":1,"11":0,"12":1},"f":{"0":1},"b":{},"_coverageSchema":"1a1c01bbd47fc00a2c39e90264f33305004495a9","hash":"d3bc6b1f5ebc4d200e95b9f8e86d4cec1c76114a"}
,"E:\\Workspace(projects)\\nodemssql\\Middleware\\authentication.js": {"path":"E:\\Workspace(projects)\\nodemssql\\Middleware\\authentication.js","statementMap":{"0":{"start":{"line":1,"column":12},"end":{"line":1,"column":35}},"1":{"start":{"line":2,"column":15},"end":{"line":2,"column":32}},"2":{"start":{"line":4,"column":21},"end":{"line":16,"column":1}},"3":{"start":{"line":5,"column":17},"end":{"line":5,"column":34}},"4":{"start":{"line":6,"column":3},"end":{"line":6,"column":22}},"5":{"start":{"line":8,"column":3},"end":{"line":10,"column":4}},"6":{"start":{"line":9,"column":6},"end":{"line":9,"column":76}},"7":{"start":{"line":11,"column":3},"end":{"line":15,"column":6}},"8":{"start":{"line":12,"column":6},"end":{"line":12,"column":35}},"9":{"start":{"line":12,"column":15},"end":{"line":12,"column":35}},"10":{"start":{"line":13,"column":6},"end":{"line":13,"column":22}},"11":{"start":{"line":14,"column":6},"end":{"line":14,"column":13}},"12":{"start":{"line":18,"column":0},"end":{"line":20,"column":2}}},"fnMap":{"0":{"name":"(anonymous_0)","decl":{"start":{"line":4,"column":21},"end":{"line":4,"column":22}},"loc":{"start":{"line":4,"column":41},"end":{"line":16,"column":1}},"line":4},"1":{"name":"(anonymous_1)","decl":{"start":{"line":11,"column":44},"end":{"line":11,"column":45}},"loc":{"start":{"line":11,"column":59},"end":{"line":15,"column":4}},"line":11}},"branchMap":{"0":{"loc":{"start":{"line":8,"column":3},"end":{"line":10,"column":4}},"type":"if","locations":[{"start":{"line":8,"column":3},"end":{"line":10,"column":4}},{"start":{},"end":{}}],"line":8},"1":{"loc":{"start":{"line":12,"column":6},"end":{"line":12,"column":35}},"type":"if","locations":[{"start":{"line":12,"column":6},"end":{"line":12,"column":35}},{"start":{},"end":{}}],"line":12}},"s":{"0":1,"1":1,"2":1,"3":2,"4":2,"5":2,"6":0,"7":2,"8":2,"9":0,"10":2,"11":2,"12":1},"f":{"0":2,"1":2},"b":{"0":[0,2],"1":[0,2]},"_coverageSchema":"1a1c01bbd47fc00a2c39e90264f33305004495a9","hash":"fbc353871ccdb32fbc553c139fd2875105ea2d76"}
,"E:\\Workspace(projects)\\nodemssql\\Model\\Connection.js": {"path":"E:\\Workspace(projects)\\nodemssql\\Model\\Connection.js","statementMap":{"0":{"start":{"line":1,"column":13},"end":{"line":1,"column":34}},"1":{"start":{"line":2,"column":12},"end":{"line":2,"column":40}},"2":{"start":{"line":5,"column":17},"end":{"line":5,"column":21}},"3":{"start":{"line":8,"column":3},"end":{"line":20,"column":4}},"4":{"start":{"line":10,"column":7},"end":{"line":16,"column":8}},"5":{"start":{"line":11,"column":11},"end":{"line":11,"column":29}},"6":{"start":{"line":13,"column":21},"end":{"line":13,"column":46}},"7":{"start":{"line":14,"column":8},"end":{"line":14,"column":24}},"8":{"start":{"line":15,"column":8},"end":{"line":15,"column":26}},"9":{"start":{"line":19,"column":6},"end":{"line":19,"column":25}},"10":{"start":{"line":25,"column":13},"end":{"line":25,"column":27}},"11":{"start":{"line":26,"column":3},"end":{"line":26,"column":24}},"12":{"start":{"line":29,"column":0},"end":{"line":32,"column":2}}},"fnMap":{"0":{"name":"connec","decl":{"start":{"line":7,"column":15},"end":{"line":7,"column":21}},"loc":{"start":{"line":7,"column":24},"end":{"line":21,"column":1}},"line":7},"1":{"name":"dbreq","decl":{"start":{"line":23,"column":16},"end":{"line":23,"column":21}},"loc":{"start":{"line":23,"column":23},"end":{"line":27,"column":1}},"line":23}},"branchMap":{"0":{"loc":{"start":{"line":10,"column":7},"end":{"line":16,"column":8}},"type":"if","locations":[{"start":{"line":10,"column":7},"end":{"line":16,"column":8}},{"start":{"line":12,"column":12},"end":{"line":16,"column":8}}],"line":10}},"s":{"0":1,"1":1,"2":1,"3":5,"4":5,"5":4,"6":1,"7":1,"8":1,"9":0,"10":5,"11":5,"12":1},"f":{"0":5,"1":5},"b":{"0":[4,1]},"_coverageSchema":"1a1c01bbd47fc00a2c39e90264f33305004495a9","hash":"42bee8ac7d1edbf6f996b691c6c5318c32be0eea"}
,"E:\\Workspace(projects)\\nodemssql\\Model\\dbconfig.js": {"path":"E:\\Workspace(projects)\\nodemssql\\Model\\dbconfig.js","statementMap":{"0":{"start":{"line":2,"column":15},"end":{"line":12,"column":6}},"1":{"start":{"line":14,"column":0},"end":{"line":14,"column":22}}},"fnMap":{},"branchMap":{},"s":{"0":1,"1":1},"f":{},"b":{},"_coverageSchema":"1a1c01bbd47fc00a2c39e90264f33305004495a9","hash":"c93dc556827841d6bacba497363140d434033a69"}
}
