TN:
SF:api.js
FN:22,(anonymous_0)
FN:33,(anonymous_1)
FNF:2
FNH:1
FNDA:6,(anonymous_0)
FNDA:0,(anonymous_1)
DA:1,1
DA:2,1
DA:3,1
DA:4,1
DA:5,1
DA:6,1
DA:8,1
DA:9,1
DA:10,1
DA:11,1
DA:12,1
DA:14,1
DA:15,1
DA:16,1
DA:17,1
DA:18,1
DA:19,1
DA:22,1
DA:23,6
DA:24,6
DA:27,1
DA:28,1
DA:29,1
DA:30,1
DA:31,1
DA:33,1
DA:35,0
DA:36,0
DA:37,0
DA:41,1
DA:42,1
DA:43,1
DA:46,1
LF:33
LH:30
BRDA:41,0,0,1
BRDA:41,0,1,1
BRF:2
BRH:2
end_of_record
TN:
SF:Controllers\delete.js
FN:5,(anonymous_0)
FNF:1
FNH:1
FNDA:1,(anonymous_0)
DA:2,1
DA:3,1
DA:5,1
DA:7,1
DA:8,1
DA:9,1
DA:11,1
DA:12,1
DA:14,1
DA:15,1
DA:17,0
DA:22,1
LF:12
LH:11
BRF:0
BRH:0
end_of_record
TN:
SF:Controllers\get.js
FN:6,(anonymous_0)
FN:18,(anonymous_1)
FNF:2
FNH:2
FNDA:1,(anonymous_0)
FNDA:1,(anonymous_1)
DA:1,1
DA:2,1
DA:6,1
DA:8,1
DA:9,1
DA:10,1
DA:12,1
DA:14,0
DA:18,1
DA:20,1
DA:21,1
DA:22,1
DA:23,1
DA:24,1
DA:27,1
DA:29,0
DA:34,1
LF:17
LH:15
BRF:0
BRH:0
end_of_record
TN:
SF:Controllers\post.js
FN:8,(anonymous_0)
FNF:1
FNH:1
FNDA:1,(anonymous_0)
DA:1,1
DA:2,1
DA:3,1
DA:4,1
DA:8,1
DA:10,1
DA:12,1
DA:14,1
DA:15,0
DA:18,1
DA:21,1
DA:24,1
DA:26,1
DA:27,0
DA:32,1
DA:35,1
DA:38,1
DA:39,1
DA:41,1
DA:42,1
DA:44,1
DA:45,1
DA:47,0
DA:52,1
LF:24
LH:21
BRDA:14,0,0,0
BRDA:14,0,1,1
BRDA:14,1,0,1
BRDA:14,1,1,1
BRDA:14,1,2,1
BRDA:14,1,3,1
BRDA:26,2,0,0
BRDA:26,2,1,1
BRF:8
BRH:6
end_of_record
TN:
SF:Controllers\update.js
FN:6,(anonymous_0)
FNF:1
FNH:1
FNDA:1,(anonymous_0)
DA:2,1
DA:3,1
DA:4,1
DA:6,1
DA:8,1
DA:9,1
DA:11,1
DA:13,1
DA:14,1
DA:16,1
DA:17,1
DA:19,0
DA:24,1
LF:13
LH:12
BRF:0
BRH:0
end_of_record
TN:
SF:Middleware\authentication.js
FN:4,(anonymous_0)
FN:11,(anonymous_1)
FNF:2
FNH:2
FNDA:2,(anonymous_0)
FNDA:2,(anonymous_1)
DA:1,1
DA:2,1
DA:4,1
DA:5,2
DA:6,2
DA:8,2
DA:9,0
DA:11,2
DA:12,2
DA:13,2
DA:14,2
DA:18,1
LF:12
LH:11
BRDA:8,0,0,0
BRDA:8,0,1,2
BRDA:12,1,0,0
BRDA:12,1,1,2
BRF:4
BRH:2
end_of_record
TN:
SF:Model\Connection.js
FN:7,connec
FN:23,dbreq
FNF:2
FNH:2
FNDA:5,connec
FNDA:5,dbreq
DA:1,1
DA:2,1
DA:5,1
DA:8,5
DA:10,5
DA:11,4
DA:13,1
DA:14,1
DA:15,1
DA:19,0
DA:25,5
DA:26,5
DA:29,1
LF:13
LH:12
BRDA:10,0,0,4
BRDA:10,0,1,1
BRF:2
BRH:2
end_of_record
TN:
SF:Model\dbconfig.js
FNF:0
FNH:0
DA:2,1
DA:14,1
LF:2
LH:2
BRF:0
BRH:0
end_of_record
